{"/Users/armenkhodaverdian/Documents/cs169/helebears/server/models/course_models.js":{"path":"/Users/armenkhodaverdian/Documents/cs169/helebears/server/models/course_models.js","s":{"1":1,"2":1,"3":1,"4":1,"5":1,"6":1,"7":1,"8":1,"9":1,"10":1,"11":1,"12":1,"13":2,"14":1,"15":1,"16":6,"17":6,"18":1,"19":1,"20":0,"21":0,"22":0,"23":0,"24":1,"25":1,"26":1,"27":1,"28":1,"29":1},"b":{"1":[0,0]},"f":{"1":2,"2":1,"3":1,"4":1,"5":1},"fnMap":{"1":{"name":"(anonymous_1)","line":84,"loc":{"start":{"line":84,"column":17},"end":{"line":84,"column":39}}},"2":{"name":"(anonymous_2)","line":86,"loc":{"start":{"line":86,"column":16},"end":{"line":86,"column":33}}},"3":{"name":"(anonymous_3)","line":94,"loc":{"start":{"line":94,"column":24},"end":{"line":94,"column":42}}},"4":{"name":"(anonymous_4)","line":107,"loc":{"start":{"line":107,"column":25},"end":{"line":107,"column":39}}},"5":{"name":"(anonymous_5)","line":112,"loc":{"start":{"line":112,"column":16},"end":{"line":112,"column":38}}}},"statementMap":{"1":{"start":{"line":5,"column":0},"end":{"line":5,"column":42}},"2":{"start":{"line":6,"column":0},"end":{"line":6,"column":55}},"3":{"start":{"line":7,"column":0},"end":{"line":7,"column":52}},"4":{"start":{"line":9,"column":0},"end":{"line":9,"column":44}},"5":{"start":{"line":10,"column":0},"end":{"line":10,"column":44}},"6":{"start":{"line":11,"column":0},"end":{"line":11,"column":49}},"7":{"start":{"line":12,"column":0},"end":{"line":12,"column":45}},"8":{"start":{"line":15,"column":0},"end":{"line":46,"column":3}},"9":{"start":{"line":48,"column":0},"end":{"line":78,"column":3}},"10":{"start":{"line":80,"column":0},"end":{"line":80,"column":15}},"11":{"start":{"line":81,"column":0},"end":{"line":81,"column":16}},"12":{"start":{"line":83,"column":0},"end":{"line":118,"column":2}},"13":{"start":{"line":85,"column":6},"end":{"line":110,"column":18}},"14":{"start":{"line":87,"column":20},"end":{"line":87,"column":36}},"15":{"start":{"line":88,"column":20},"end":{"line":91,"column":21}},"16":{"start":{"line":89,"column":24},"end":{"line":89,"column":63}},"17":{"start":{"line":90,"column":24},"end":{"line":90,"column":59}},"18":{"start":{"line":93,"column":20},"end":{"line":105,"column":22}},"19":{"start":{"line":95,"column":28},"end":{"line":102,"column":29}},"20":{"start":{"line":96,"column":32},"end":{"line":96,"column":71}},"21":{"start":{"line":97,"column":32},"end":{"line":101,"column":33}},"22":{"start":{"line":98,"column":36},"end":{"line":100,"column":37}},"23":{"start":{"line":99,"column":40},"end":{"line":99,"column":77}},"24":{"start":{"line":103,"column":28},"end":{"line":103,"column":67}},"25":{"start":{"line":108,"column":20},"end":{"line":108,"column":36}},"26":{"start":{"line":109,"column":20},"end":{"line":109,"column":94}},"27":{"start":{"line":115,"column":8},"end":{"line":115,"column":44}},"28":{"start":{"line":120,"column":0},"end":{"line":120,"column":33}},"29":{"start":{"line":121,"column":0},"end":{"line":121,"column":40}}},"branchMap":{"1":{"line":98,"type":"if","locations":[{"start":{"line":98,"column":36},"end":{"line":98,"column":36}},{"start":{"line":98,"column":36},"end":{"line":98,"column":36}}]}}},"/Users/armenkhodaverdian/Documents/cs169/helebears/server/models/init.js":{"path":"/Users/armenkhodaverdian/Documents/cs169/helebears/server/models/init.js","s":{"1":1,"2":1,"3":1,"4":1,"5":1,"6":1},"b":{"1":[1,1]},"f":{},"fnMap":{},"statementMap":{"1":{"start":{"line":8,"column":0},"end":{"line":8,"column":37}},"2":{"start":{"line":10,"column":0},"end":{"line":10,"column":88}},"3":{"start":{"line":12,"column":0},"end":{"line":12,"column":42}},"4":{"start":{"line":13,"column":0},"end":{"line":13,"column":17}},"5":{"start":{"line":15,"column":0},"end":{"line":15,"column":37}},"6":{"start":{"line":16,"column":0},"end":{"line":16,"column":37}}},"branchMap":{"1":{"line":10,"type":"binary-expr","locations":[{"start":{"line":10,"column":17},"end":{"line":10,"column":41}},{"start":{"line":10,"column":45},"end":{"line":10,"column":88}}]}}},"/Users/armenkhodaverdian/Documents/cs169/helebears/server/models/departments_model.js":{"path":"/Users/armenkhodaverdian/Documents/cs169/helebears/server/models/departments_model.js","s":{"1":1,"2":1,"3":1,"4":1,"5":1,"6":1,"7":2,"8":0,"9":1,"10":1,"11":1,"12":14,"13":1,"14":0,"15":1,"16":1,"17":1},"b":{"1":[0,2]},"f":{"1":2,"2":1,"3":1,"4":0,"5":1},"fnMap":{"1":{"name":"(anonymous_1)","line":16,"loc":{"start":{"line":16,"column":16},"end":{"line":16,"column":46}}},"2":{"name":"(anonymous_2)","line":23,"loc":{"start":{"line":23,"column":17},"end":{"line":23,"column":38}}},"3":{"name":"(anonymous_3)","line":25,"loc":{"start":{"line":25,"column":12},"end":{"line":25,"column":33}}},"4":{"name":"(anonymous_4)","line":31,"loc":{"start":{"line":31,"column":21},"end":{"line":31,"column":35}}},"5":{"name":"(anonymous_5)","line":36,"loc":{"start":{"line":36,"column":16},"end":{"line":36,"column":46}}}},"statementMap":{"1":{"start":{"line":6,"column":0},"end":{"line":6,"column":41}},"2":{"start":{"line":7,"column":0},"end":{"line":7,"column":44}},"3":{"start":{"line":8,"column":0},"end":{"line":8,"column":44}},"4":{"start":{"line":10,"column":0},"end":{"line":12,"column":2}},"5":{"start":{"line":13,"column":0},"end":{"line":13,"column":18}},"6":{"start":{"line":15,"column":0},"end":{"line":42,"column":2}},"7":{"start":{"line":17,"column":8},"end":{"line":19,"column":9}},"8":{"start":{"line":18,"column":12},"end":{"line":18,"column":56}},"9":{"start":{"line":24,"column":8},"end":{"line":33,"column":14}},"10":{"start":{"line":26,"column":16},"end":{"line":26,"column":32}},"11":{"start":{"line":27,"column":16},"end":{"line":29,"column":17}},"12":{"start":{"line":28,"column":20},"end":{"line":28,"column":59}},"13":{"start":{"line":30,"column":16},"end":{"line":30,"column":53}},"14":{"start":{"line":32,"column":16},"end":{"line":32,"column":98}},"15":{"start":{"line":39,"column":8},"end":{"line":39,"column":55}},"16":{"start":{"line":83,"column":0},"end":{"line":83,"column":49}},"17":{"start":{"line":84,"column":0},"end":{"line":84,"column":41}}},"branchMap":{"1":{"line":17,"type":"if","locations":[{"start":{"line":17,"column":8},"end":{"line":17,"column":8}},{"start":{"line":17,"column":8},"end":{"line":17,"column":8}}]}}},"/Users/armenkhodaverdian/Documents/cs169/helebears/server/models/professors_model.js":{"path":"/Users/armenkhodaverdian/Documents/cs169/helebears/server/models/professors_model.js","s":{"1":1,"2":1,"3":1,"4":1,"5":1,"6":1,"7":2,"8":2,"9":4,"10":3,"11":3,"12":60,"13":3,"14":1,"15":1,"16":1,"17":1},"b":{"1":[2,0]},"f":{"1":2,"2":4,"3":3,"4":1,"5":1},"fnMap":{"1":{"name":"(anonymous_1)","line":19,"loc":{"start":{"line":19,"column":16},"end":{"line":19,"column":46}}},"2":{"name":"(anonymous_2)","line":27,"loc":{"start":{"line":27,"column":17},"end":{"line":27,"column":38}}},"3":{"name":"(anonymous_3)","line":29,"loc":{"start":{"line":29,"column":12},"end":{"line":29,"column":34}}},"4":{"name":"(anonymous_4)","line":35,"loc":{"start":{"line":35,"column":21},"end":{"line":35,"column":36}}},"5":{"name":"(anonymous_5)","line":40,"loc":{"start":{"line":40,"column":16},"end":{"line":40,"column":46}}}},"statementMap":{"1":{"start":{"line":7,"column":0},"end":{"line":7,"column":42}},"2":{"start":{"line":9,"column":0},"end":{"line":9,"column":44}},"3":{"start":{"line":10,"column":0},"end":{"line":10,"column":44}},"4":{"start":{"line":12,"column":0},"end":{"line":14,"column":3}},"5":{"start":{"line":16,"column":0},"end":{"line":16,"column":18}},"6":{"start":{"line":18,"column":0},"end":{"line":47,"column":2}},"7":{"start":{"line":20,"column":8},"end":{"line":22,"column":9}},"8":{"start":{"line":21,"column":12},"end":{"line":21,"column":57}},"9":{"start":{"line":28,"column":8},"end":{"line":37,"column":14}},"10":{"start":{"line":30,"column":16},"end":{"line":30,"column":32}},"11":{"start":{"line":31,"column":16},"end":{"line":33,"column":17}},"12":{"start":{"line":32,"column":20},"end":{"line":32,"column":58}},"13":{"start":{"line":34,"column":16},"end":{"line":34,"column":55}},"14":{"start":{"line":36,"column":16},"end":{"line":36,"column":77}},"15":{"start":{"line":43,"column":8},"end":{"line":43,"column":56}},"16":{"start":{"line":49,"column":0},"end":{"line":49,"column":39}},"17":{"start":{"line":50,"column":0},"end":{"line":50,"column":49}}},"branchMap":{"1":{"line":20,"type":"if","locations":[{"start":{"line":20,"column":8},"end":{"line":20,"column":8}},{"start":{"line":20,"column":8},"end":{"line":20,"column":8}}]}}},"/Users/armenkhodaverdian/Documents/cs169/helebears/server/models/reviews_models.js":{"path":"/Users/armenkhodaverdian/Documents/cs169/helebears/server/models/reviews_models.js","s":{"1":1,"2":1,"3":1,"4":1,"5":1,"6":1,"7":1,"8":1,"9":3,"10":2,"11":3,"12":1,"13":4,"14":3,"15":3,"16":18,"17":3,"18":1,"19":1,"20":1,"21":0,"22":1,"23":2,"24":1,"25":1},"b":{"1":[2,1],"2":[1,2]},"f":{"1":3,"2":4,"3":3,"4":1,"5":1,"6":0,"7":1,"8":2},"fnMap":{"1":{"name":"(anonymous_1)","line":34,"loc":{"start":{"line":34,"column":16},"end":{"line":34,"column":47}}},"2":{"name":"(anonymous_2)","line":45,"loc":{"start":{"line":45,"column":17},"end":{"line":45,"column":40}}},"3":{"name":"(anonymous_3)","line":47,"loc":{"start":{"line":47,"column":12},"end":{"line":47,"column":31}}},"4":{"name":"(anonymous_4)","line":53,"loc":{"start":{"line":53,"column":21},"end":{"line":53,"column":36}}},"5":{"name":"(anonymous_5)","line":58,"loc":{"start":{"line":58,"column":17},"end":{"line":58,"column":42}}},"6":{"name":"(anonymous_6)","line":66,"loc":{"start":{"line":66,"column":39},"end":{"line":66,"column":56}}},"7":{"name":"(anonymous_7)","line":71,"loc":{"start":{"line":71,"column":21},"end":{"line":71,"column":34}}},"8":{"name":"(anonymous_8)","line":76,"loc":{"start":{"line":76,"column":16},"end":{"line":76,"column":47}}}},"statementMap":{"1":{"start":{"line":6,"column":0},"end":{"line":6,"column":42}},"2":{"start":{"line":8,"column":0},"end":{"line":8,"column":44}},"3":{"start":{"line":9,"column":0},"end":{"line":9,"column":44}},"4":{"start":{"line":11,"column":0},"end":{"line":11,"column":53}},"5":{"start":{"line":12,"column":0},"end":{"line":12,"column":45}},"6":{"start":{"line":14,"column":0},"end":{"line":26,"column":2}},"7":{"start":{"line":27,"column":0},"end":{"line":27,"column":14}},"8":{"start":{"line":33,"column":0},"end":{"line":83,"column":1}},"9":{"start":{"line":35,"column":8},"end":{"line":37,"column":9}},"10":{"start":{"line":36,"column":12},"end":{"line":36,"column":54}},"11":{"start":{"line":39,"column":8},"end":{"line":41,"column":9}},"12":{"start":{"line":40,"column":12},"end":{"line":40,"column":53}},"13":{"start":{"line":46,"column":8},"end":{"line":55,"column":14}},"14":{"start":{"line":48,"column":16},"end":{"line":48,"column":32}},"15":{"start":{"line":49,"column":16},"end":{"line":51,"column":17}},"16":{"start":{"line":50,"column":20},"end":{"line":50,"column":55}},"17":{"start":{"line":52,"column":16},"end":{"line":52,"column":55}},"18":{"start":{"line":54,"column":16},"end":{"line":54,"column":77}},"19":{"start":{"line":59,"column":12},"end":{"line":65,"column":14}},"20":{"start":{"line":66,"column":12},"end":{"line":73,"column":15}},"21":{"start":{"line":67,"column":16},"end":{"line":70,"column":18}},"22":{"start":{"line":72,"column":20},"end":{"line":72,"column":87}},"23":{"start":{"line":79,"column":12},"end":{"line":79,"column":57}},"24":{"start":{"line":86,"column":0},"end":{"line":86,"column":33}},"25":{"start":{"line":87,"column":0},"end":{"line":87,"column":43}}},"branchMap":{"1":{"line":35,"type":"if","locations":[{"start":{"line":35,"column":8},"end":{"line":35,"column":8}},{"start":{"line":35,"column":8},"end":{"line":35,"column":8}}]},"2":{"line":39,"type":"if","locations":[{"start":{"line":39,"column":8},"end":{"line":39,"column":8}},{"start":{"line":39,"column":8},"end":{"line":39,"column":8}}]}}},"/Users/armenkhodaverdian/Documents/cs169/helebears/server/models/schedule_model.js":{"path":"/Users/armenkhodaverdian/Documents/cs169/helebears/server/models/schedule_model.js","s":{"1":1,"2":1,"3":1,"4":1,"5":1,"6":1,"7":1,"8":1,"9":1,"10":1,"11":2,"12":1,"13":1,"14":0,"15":1,"16":1,"17":1,"18":0,"19":1,"20":1,"21":1,"22":0,"23":0,"24":1,"25":1,"26":1,"27":1},"b":{"1":[1,0]},"f":{"1":1,"2":2,"3":1,"4":1,"5":1,"6":0,"7":1,"8":1,"9":1,"10":0,"11":0,"12":1,"13":1},"fnMap":{"1":{"name":"(anonymous_1)","line":24,"loc":{"start":{"line":24,"column":16},"end":{"line":24,"column":50}}},"2":{"name":"(anonymous_2)","line":31,"loc":{"start":{"line":31,"column":17},"end":{"line":31,"column":41}}},"3":{"name":"(anonymous_3)","line":33,"loc":{"start":{"line":33,"column":12},"end":{"line":33,"column":29}}},"4":{"name":"(anonymous_4)","line":39,"loc":{"start":{"line":39,"column":21},"end":{"line":39,"column":35}}},"5":{"name":"(anonymous_5)","line":43,"loc":{"start":{"line":43,"column":17},"end":{"line":43,"column":38}}},"6":{"name":"(anonymous_6)","line":44,"loc":{"start":{"line":44,"column":36},"end":{"line":44,"column":53}}},"7":{"name":"(anonymous_7)","line":48,"loc":{"start":{"line":48,"column":17},"end":{"line":48,"column":30}}},"8":{"name":"(anonymous_8)","line":52,"loc":{"start":{"line":52,"column":17},"end":{"line":52,"column":38}}},"9":{"name":"(anonymous_9)","line":53,"loc":{"start":{"line":53,"column":46},"end":{"line":53,"column":63}}},"10":{"name":"(anonymous_10)","line":54,"loc":{"start":{"line":54,"column":38},"end":{"line":54,"column":48}}},"11":{"name":"(anonymous_11)","line":56,"loc":{"start":{"line":56,"column":21},"end":{"line":56,"column":34}}},"12":{"name":"(anonymous_12)","line":59,"loc":{"start":{"line":59,"column":17},"end":{"line":59,"column":30}}},"13":{"name":"(anonymous_13)","line":64,"loc":{"start":{"line":64,"column":16},"end":{"line":64,"column":50}}}},"statementMap":{"1":{"start":{"line":5,"column":0},"end":{"line":5,"column":41}},"2":{"start":{"line":6,"column":0},"end":{"line":6,"column":46}},"3":{"start":{"line":7,"column":0},"end":{"line":7,"column":43}},"4":{"start":{"line":8,"column":0},"end":{"line":8,"column":43}},"5":{"start":{"line":9,"column":0},"end":{"line":9,"column":36}},"6":{"start":{"line":11,"column":0},"end":{"line":20,"column":2}},"7":{"start":{"line":21,"column":0},"end":{"line":21,"column":16}},"8":{"start":{"line":23,"column":0},"end":{"line":70,"column":2}},"9":{"start":{"line":25,"column":8},"end":{"line":27,"column":9}},"10":{"start":{"line":26,"column":12},"end":{"line":26,"column":58}},"11":{"start":{"line":32,"column":8},"end":{"line":41,"column":14}},"12":{"start":{"line":34,"column":16},"end":{"line":34,"column":38}},"13":{"start":{"line":35,"column":16},"end":{"line":37,"column":17}},"14":{"start":{"line":36,"column":20},"end":{"line":36,"column":64}},"15":{"start":{"line":38,"column":16},"end":{"line":38,"column":65}},"16":{"start":{"line":40,"column":16},"end":{"line":40,"column":98}},"17":{"start":{"line":44,"column":8},"end":{"line":50,"column":11}},"18":{"start":{"line":45,"column":12},"end":{"line":47,"column":14}},"19":{"start":{"line":49,"column":12},"end":{"line":49,"column":81}},"20":{"start":{"line":53,"column":8},"end":{"line":61,"column":11}},"21":{"start":{"line":54,"column":12},"end":{"line":58,"column":14}},"22":{"start":{"line":55,"column":16},"end":{"line":55,"column":37}},"23":{"start":{"line":57,"column":16},"end":{"line":57,"column":94}},"24":{"start":{"line":60,"column":12},"end":{"line":60,"column":95}},"25":{"start":{"line":67,"column":8},"end":{"line":67,"column":57}},"26":{"start":{"line":71,"column":0},"end":{"line":71,"column":37}},"27":{"start":{"line":72,"column":0},"end":{"line":72,"column":45}}},"branchMap":{"1":{"line":25,"type":"if","locations":[{"start":{"line":25,"column":8},"end":{"line":25,"column":8}},{"start":{"line":25,"column":8},"end":{"line":25,"column":8}}]}}},"/Users/armenkhodaverdian/Documents/cs169/helebears/server/models/user_model.js":{"path":"/Users/armenkhodaverdian/Documents/cs169/helebears/server/models/user_model.js","s":{"1":1,"2":1,"3":1,"4":1,"5":1,"6":1,"7":1,"8":1,"9":4,"10":1,"11":1,"12":1,"13":1},"b":{},"f":{"1":4,"2":1},"fnMap":{"1":{"name":"(anonymous_1)","line":22,"loc":{"start":{"line":22,"column":27},"end":{"line":22,"column":46}}},"2":{"name":"(anonymous_2)","line":27,"loc":{"start":{"line":27,"column":28},"end":{"line":27,"column":61}}}},"statementMap":{"1":{"start":{"line":5,"column":0},"end":{"line":5,"column":41}},"2":{"start":{"line":6,"column":0},"end":{"line":6,"column":44}},"3":{"start":{"line":7,"column":0},"end":{"line":7,"column":44}},"4":{"start":{"line":8,"column":0},"end":{"line":8,"column":38}},"5":{"start":{"line":10,"column":0},"end":{"line":16,"column":3}},"6":{"start":{"line":17,"column":0},"end":{"line":17,"column":13}},"7":{"start":{"line":20,"column":0},"end":{"line":20,"column":21}},"8":{"start":{"line":22,"column":0},"end":{"line":24,"column":2}},"9":{"start":{"line":23,"column":4},"end":{"line":23,"column":65}},"10":{"start":{"line":27,"column":0},"end":{"line":29,"column":2}},"11":{"start":{"line":28,"column":4},"end":{"line":28,"column":54}},"12":{"start":{"line":33,"column":0},"end":{"line":33,"column":29}},"13":{"start":{"line":34,"column":0},"end":{"line":34,"column":41}}},"branchMap":{}}}