{"/Users/nirshtern/CS169/projects/helebears/server/models/course_models.js":{"path":"/Users/nirshtern/CS169/projects/helebears/server/models/course_models.js","s":{"1":1,"2":1,"3":1,"4":1,"5":1,"6":1,"7":1,"8":1,"9":1,"10":1,"11":1,"12":1,"13":1,"14":1,"15":1,"16":2,"17":1,"18":1,"19":1491,"20":1491,"21":1,"22":1,"23":0,"24":0,"25":0,"26":0,"27":1,"28":1,"29":1,"30":1,"31":1,"32":0,"33":1,"34":1,"35":1,"36":1,"37":1,"38":1,"39":4,"40":1,"41":1,"42":1,"43":1,"44":4,"45":4,"46":4,"47":4,"48":4,"49":0,"50":4,"51":4,"52":1,"53":1,"54":1},"b":{"1":[1,1],"2":[0,0],"3":[4,0],"4":[4,0],"5":[0,4]},"f":{"1":2,"2":1,"3":1,"4":1,"5":1,"6":1,"7":0,"8":1,"9":1,"10":1,"11":1,"12":1,"13":1,"14":1},"fnMap":{"1":{"name":"(anonymous_1)","line":92,"loc":{"start":{"line":92,"column":17},"end":{"line":92,"column":39}}},"2":{"name":"(anonymous_2)","line":94,"loc":{"start":{"line":94,"column":16},"end":{"line":94,"column":33}}},"3":{"name":"(anonymous_3)","line":102,"loc":{"start":{"line":102,"column":24},"end":{"line":102,"column":42}}},"4":{"name":"(anonymous_4)","line":115,"loc":{"start":{"line":115,"column":25},"end":{"line":115,"column":39}}},"5":{"name":"(anonymous_5)","line":120,"loc":{"start":{"line":120,"column":16},"end":{"line":120,"column":38}}},"6":{"name":"(anonymous_6)","line":126,"loc":{"start":{"line":126,"column":30},"end":{"line":126,"column":56}}},"7":{"name":"(anonymous_7)","line":127,"loc":{"start":{"line":127,"column":43},"end":{"line":127,"column":54}}},"8":{"name":"(anonymous_8)","line":130,"loc":{"start":{"line":130,"column":13},"end":{"line":130,"column":27}}},"9":{"name":"(anonymous_9)","line":135,"loc":{"start":{"line":135,"column":18},"end":{"line":135,"column":34}}},"10":{"name":"(anonymous_10)","line":138,"loc":{"start":{"line":138,"column":18},"end":{"line":138,"column":52}}},"11":{"name":"(anonymous_11)","line":140,"loc":{"start":{"line":140,"column":20},"end":{"line":140,"column":39}}},"12":{"name":"(anonymous_12)","line":149,"loc":{"start":{"line":149,"column":18},"end":{"line":149,"column":78}}},"13":{"name":"(anonymous_13)","line":156,"loc":{"start":{"line":156,"column":24},"end":{"line":156,"column":43}}},"14":{"name":"(anonymous_14)","line":161,"loc":{"start":{"line":161,"column":18},"end":{"line":161,"column":67}}}},"statementMap":{"1":{"start":{"line":5,"column":0},"end":{"line":5,"column":42}},"2":{"start":{"line":6,"column":0},"end":{"line":6,"column":56}},"3":{"start":{"line":7,"column":0},"end":{"line":7,"column":53}},"4":{"start":{"line":8,"column":0},"end":{"line":8,"column":50}},"5":{"start":{"line":9,"column":0},"end":{"line":9,"column":44}},"6":{"start":{"line":10,"column":0},"end":{"line":10,"column":44}},"7":{"start":{"line":11,"column":0},"end":{"line":11,"column":49}},"8":{"start":{"line":12,"column":0},"end":{"line":12,"column":45}},"9":{"start":{"line":13,"column":0},"end":{"line":13,"column":42}},"10":{"start":{"line":15,"column":0},"end":{"line":18,"column":5}},"11":{"start":{"line":21,"column":0},"end":{"line":54,"column":3}},"12":{"start":{"line":56,"column":0},"end":{"line":86,"column":3}},"13":{"start":{"line":88,"column":0},"end":{"line":88,"column":15}},"14":{"start":{"line":89,"column":0},"end":{"line":89,"column":16}},"15":{"start":{"line":91,"column":0},"end":{"line":184,"column":2}},"16":{"start":{"line":93,"column":6},"end":{"line":118,"column":18}},"17":{"start":{"line":95,"column":20},"end":{"line":95,"column":36}},"18":{"start":{"line":96,"column":20},"end":{"line":99,"column":21}},"19":{"start":{"line":97,"column":24},"end":{"line":97,"column":63}},"20":{"start":{"line":98,"column":24},"end":{"line":98,"column":59}},"21":{"start":{"line":101,"column":20},"end":{"line":113,"column":22}},"22":{"start":{"line":103,"column":28},"end":{"line":110,"column":29}},"23":{"start":{"line":104,"column":32},"end":{"line":104,"column":71}},"24":{"start":{"line":105,"column":32},"end":{"line":109,"column":33}},"25":{"start":{"line":106,"column":36},"end":{"line":108,"column":37}},"26":{"start":{"line":107,"column":40},"end":{"line":107,"column":77}},"27":{"start":{"line":111,"column":28},"end":{"line":111,"column":67}},"28":{"start":{"line":116,"column":20},"end":{"line":116,"column":36}},"29":{"start":{"line":117,"column":20},"end":{"line":117,"column":94}},"30":{"start":{"line":123,"column":8},"end":{"line":123,"column":44}},"31":{"start":{"line":127,"column":8},"end":{"line":132,"column":11}},"32":{"start":{"line":128,"column":12},"end":{"line":128,"column":51}},"33":{"start":{"line":131,"column":12},"end":{"line":131,"column":94}},"34":{"start":{"line":134,"column":8},"end":{"line":181,"column":14}},"35":{"start":{"line":136,"column":16},"end":{"line":136,"column":39}},"36":{"start":{"line":139,"column":16},"end":{"line":146,"column":22}},"37":{"start":{"line":141,"column":24},"end":{"line":141,"column":45}},"38":{"start":{"line":142,"column":24},"end":{"line":144,"column":25}},"39":{"start":{"line":143,"column":28},"end":{"line":143,"column":76}},"40":{"start":{"line":145,"column":24},"end":{"line":145,"column":82}},"41":{"start":{"line":150,"column":16},"end":{"line":158,"column":19}},"42":{"start":{"line":157,"column":20},"end":{"line":157,"column":59}},"43":{"start":{"line":163,"column":16},"end":{"line":179,"column":17}},"44":{"start":{"line":164,"column":20},"end":{"line":164,"column":44}},"45":{"start":{"line":165,"column":20},"end":{"line":167,"column":21}},"46":{"start":{"line":166,"column":24},"end":{"line":166,"column":51}},"47":{"start":{"line":169,"column":20},"end":{"line":169,"column":52}},"48":{"start":{"line":171,"column":20},"end":{"line":175,"column":21}},"49":{"start":{"line":172,"column":24},"end":{"line":172,"column":52}},"50":{"start":{"line":174,"column":24},"end":{"line":174,"column":51}},"51":{"start":{"line":176,"column":20},"end":{"line":178,"column":22}},"52":{"start":{"line":180,"column":16},"end":{"line":180,"column":23}},"53":{"start":{"line":187,"column":0},"end":{"line":187,"column":33}},"54":{"start":{"line":188,"column":0},"end":{"line":188,"column":41}}},"branchMap":{"1":{"line":15,"type":"binary-expr","locations":[{"start":{"line":15,"column":15},"end":{"line":15,"column":31}},{"start":{"line":15,"column":35},"end":{"line":15,"column":63}}]},"2":{"line":106,"type":"if","locations":[{"start":{"line":106,"column":36},"end":{"line":106,"column":36}},{"start":{"line":106,"column":36},"end":{"line":106,"column":36}}]},"3":{"line":165,"type":"if","locations":[{"start":{"line":165,"column":20},"end":{"line":165,"column":20}},{"start":{"line":165,"column":20},"end":{"line":165,"column":20}}]},"4":{"line":165,"type":"binary-expr","locations":[{"start":{"line":165,"column":24},"end":{"line":165,"column":54}},{"start":{"line":165,"column":58},"end":{"line":165,"column":93}}]},"5":{"line":171,"type":"if","locations":[{"start":{"line":171,"column":20},"end":{"line":171,"column":20}},{"start":{"line":171,"column":20},"end":{"line":171,"column":20}}]}}},"/Users/nirshtern/CS169/projects/helebears/server/models/init.js":{"path":"/Users/nirshtern/CS169/projects/helebears/server/models/init.js","s":{"1":1,"2":1,"3":1,"4":1,"5":1,"6":1},"b":{"1":[1,1]},"f":{},"fnMap":{},"statementMap":{"1":{"start":{"line":8,"column":0},"end":{"line":8,"column":37}},"2":{"start":{"line":10,"column":0},"end":{"line":10,"column":88}},"3":{"start":{"line":12,"column":0},"end":{"line":12,"column":42}},"4":{"start":{"line":13,"column":0},"end":{"line":13,"column":17}},"5":{"start":{"line":15,"column":0},"end":{"line":15,"column":37}},"6":{"start":{"line":16,"column":0},"end":{"line":16,"column":37}}},"branchMap":{"1":{"line":10,"type":"binary-expr","locations":[{"start":{"line":10,"column":17},"end":{"line":10,"column":41}},{"start":{"line":10,"column":45},"end":{"line":10,"column":88}}]}}},"/Users/nirshtern/CS169/projects/helebears/server/models/departments_model.js":{"path":"/Users/nirshtern/CS169/projects/helebears/server/models/departments_model.js","s":{"1":1,"2":1,"3":1,"4":1,"5":1,"6":1,"7":2,"8":0,"9":1,"10":1,"11":1,"12":0,"13":1,"14":1,"15":1},"b":{"1":[0,2]},"f":{"1":2,"2":1,"3":1,"4":0,"5":1},"fnMap":{"1":{"name":"(anonymous_1)","line":16,"loc":{"start":{"line":16,"column":16},"end":{"line":16,"column":46}}},"2":{"name":"(anonymous_2)","line":23,"loc":{"start":{"line":23,"column":17},"end":{"line":23,"column":38}}},"3":{"name":"(anonymous_3)","line":25,"loc":{"start":{"line":25,"column":12},"end":{"line":25,"column":33}}},"4":{"name":"(anonymous_4)","line":28,"loc":{"start":{"line":28,"column":21},"end":{"line":28,"column":35}}},"5":{"name":"(anonymous_5)","line":33,"loc":{"start":{"line":33,"column":16},"end":{"line":33,"column":46}}}},"statementMap":{"1":{"start":{"line":6,"column":0},"end":{"line":6,"column":41}},"2":{"start":{"line":7,"column":0},"end":{"line":7,"column":44}},"3":{"start":{"line":8,"column":0},"end":{"line":8,"column":44}},"4":{"start":{"line":10,"column":0},"end":{"line":12,"column":2}},"5":{"start":{"line":13,"column":0},"end":{"line":13,"column":18}},"6":{"start":{"line":15,"column":0},"end":{"line":39,"column":2}},"7":{"start":{"line":17,"column":8},"end":{"line":19,"column":9}},"8":{"start":{"line":18,"column":12},"end":{"line":18,"column":56}},"9":{"start":{"line":24,"column":8},"end":{"line":30,"column":14}},"10":{"start":{"line":26,"column":16},"end":{"line":26,"column":32}},"11":{"start":{"line":27,"column":16},"end":{"line":27,"column":53}},"12":{"start":{"line":29,"column":16},"end":{"line":29,"column":98}},"13":{"start":{"line":36,"column":8},"end":{"line":36,"column":55}},"14":{"start":{"line":42,"column":0},"end":{"line":42,"column":49}},"15":{"start":{"line":43,"column":0},"end":{"line":43,"column":41}}},"branchMap":{"1":{"line":17,"type":"if","locations":[{"start":{"line":17,"column":8},"end":{"line":17,"column":8}},{"start":{"line":17,"column":8},"end":{"line":17,"column":8}}]}}},"/Users/nirshtern/CS169/projects/helebears/server/models/professors_model.js":{"path":"/Users/nirshtern/CS169/projects/helebears/server/models/professors_model.js","s":{"1":1,"2":1,"3":1,"4":1,"5":1,"6":1,"7":2,"8":2,"9":4,"10":3,"11":3,"12":3261,"13":3,"14":1,"15":1,"16":1,"17":1},"b":{"1":[2,0]},"f":{"1":2,"2":4,"3":3,"4":1,"5":1},"fnMap":{"1":{"name":"(anonymous_1)","line":17,"loc":{"start":{"line":17,"column":16},"end":{"line":17,"column":46}}},"2":{"name":"(anonymous_2)","line":24,"loc":{"start":{"line":24,"column":17},"end":{"line":24,"column":38}}},"3":{"name":"(anonymous_3)","line":26,"loc":{"start":{"line":26,"column":12},"end":{"line":26,"column":34}}},"4":{"name":"(anonymous_4)","line":32,"loc":{"start":{"line":32,"column":21},"end":{"line":32,"column":36}}},"5":{"name":"(anonymous_5)","line":37,"loc":{"start":{"line":37,"column":16},"end":{"line":37,"column":46}}}},"statementMap":{"1":{"start":{"line":5,"column":0},"end":{"line":5,"column":42}},"2":{"start":{"line":7,"column":0},"end":{"line":7,"column":44}},"3":{"start":{"line":8,"column":0},"end":{"line":8,"column":44}},"4":{"start":{"line":10,"column":0},"end":{"line":12,"column":3}},"5":{"start":{"line":14,"column":0},"end":{"line":14,"column":18}},"6":{"start":{"line":16,"column":0},"end":{"line":43,"column":2}},"7":{"start":{"line":18,"column":8},"end":{"line":20,"column":9}},"8":{"start":{"line":19,"column":12},"end":{"line":19,"column":57}},"9":{"start":{"line":25,"column":8},"end":{"line":34,"column":14}},"10":{"start":{"line":27,"column":16},"end":{"line":27,"column":32}},"11":{"start":{"line":28,"column":16},"end":{"line":30,"column":17}},"12":{"start":{"line":29,"column":20},"end":{"line":29,"column":58}},"13":{"start":{"line":31,"column":16},"end":{"line":31,"column":55}},"14":{"start":{"line":33,"column":16},"end":{"line":33,"column":77}},"15":{"start":{"line":40,"column":8},"end":{"line":40,"column":56}},"16":{"start":{"line":45,"column":0},"end":{"line":45,"column":39}},"17":{"start":{"line":46,"column":0},"end":{"line":46,"column":49}}},"branchMap":{"1":{"line":18,"type":"if","locations":[{"start":{"line":18,"column":8},"end":{"line":18,"column":8}},{"start":{"line":18,"column":8},"end":{"line":18,"column":8}}]}}},"/Users/nirshtern/CS169/projects/helebears/server/models/schedule_model.js":{"path":"/Users/nirshtern/CS169/projects/helebears/server/models/schedule_model.js","s":{"1":1,"2":1,"3":1,"4":1,"5":1,"6":1,"7":1,"8":1,"9":1,"10":1,"11":1,"12":2,"13":1,"14":1,"15":0,"16":1,"17":1,"18":1,"19":0,"20":1,"21":1,"22":1,"23":0,"24":0,"25":1,"26":1,"27":1,"28":1},"b":{"1":[1,0]},"f":{"1":1,"2":2,"3":1,"4":1,"5":1,"6":0,"7":1,"8":1,"9":1,"10":0,"11":0,"12":1,"13":1},"fnMap":{"1":{"name":"(anonymous_1)","line":28,"loc":{"start":{"line":28,"column":16},"end":{"line":28,"column":50}}},"2":{"name":"(anonymous_2)","line":34,"loc":{"start":{"line":34,"column":17},"end":{"line":34,"column":41}}},"3":{"name":"(anonymous_3)","line":36,"loc":{"start":{"line":36,"column":12},"end":{"line":36,"column":29}}},"4":{"name":"(anonymous_4)","line":42,"loc":{"start":{"line":42,"column":21},"end":{"line":42,"column":35}}},"5":{"name":"(anonymous_5)","line":46,"loc":{"start":{"line":46,"column":17},"end":{"line":46,"column":38}}},"6":{"name":"(anonymous_6)","line":47,"loc":{"start":{"line":47,"column":36},"end":{"line":47,"column":53}}},"7":{"name":"(anonymous_7)","line":49,"loc":{"start":{"line":49,"column":17},"end":{"line":49,"column":31}}},"8":{"name":"(anonymous_8)","line":53,"loc":{"start":{"line":53,"column":17},"end":{"line":53,"column":38}}},"9":{"name":"(anonymous_9)","line":54,"loc":{"start":{"line":54,"column":46},"end":{"line":54,"column":63}}},"10":{"name":"(anonymous_10)","line":55,"loc":{"start":{"line":55,"column":38},"end":{"line":55,"column":48}}},"11":{"name":"(anonymous_11)","line":57,"loc":{"start":{"line":57,"column":21},"end":{"line":57,"column":34}}},"12":{"name":"(anonymous_12)","line":60,"loc":{"start":{"line":60,"column":17},"end":{"line":60,"column":30}}},"13":{"name":"(anonymous_13)","line":65,"loc":{"start":{"line":65,"column":16},"end":{"line":65,"column":50}}}},"statementMap":{"1":{"start":{"line":5,"column":0},"end":{"line":5,"column":41}},"2":{"start":{"line":6,"column":0},"end":{"line":6,"column":46}},"3":{"start":{"line":7,"column":0},"end":{"line":7,"column":43}},"4":{"start":{"line":8,"column":0},"end":{"line":8,"column":43}},"5":{"start":{"line":9,"column":0},"end":{"line":9,"column":36}},"6":{"start":{"line":10,"column":0},"end":{"line":10,"column":44}},"7":{"start":{"line":14,"column":0},"end":{"line":24,"column":2}},"8":{"start":{"line":25,"column":0},"end":{"line":25,"column":17}},"9":{"start":{"line":27,"column":0},"end":{"line":71,"column":2}},"10":{"start":{"line":29,"column":8},"end":{"line":31,"column":9}},"11":{"start":{"line":30,"column":12},"end":{"line":30,"column":58}},"12":{"start":{"line":35,"column":8},"end":{"line":44,"column":14}},"13":{"start":{"line":37,"column":16},"end":{"line":37,"column":38}},"14":{"start":{"line":38,"column":16},"end":{"line":40,"column":17}},"15":{"start":{"line":39,"column":20},"end":{"line":39,"column":64}},"16":{"start":{"line":41,"column":16},"end":{"line":41,"column":65}},"17":{"start":{"line":43,"column":16},"end":{"line":43,"column":98}},"18":{"start":{"line":47,"column":8},"end":{"line":51,"column":11}},"19":{"start":{"line":48,"column":11},"end":{"line":48,"column":50}},"20":{"start":{"line":50,"column":12},"end":{"line":50,"column":94}},"21":{"start":{"line":54,"column":8},"end":{"line":62,"column":11}},"22":{"start":{"line":55,"column":12},"end":{"line":59,"column":14}},"23":{"start":{"line":56,"column":16},"end":{"line":56,"column":37}},"24":{"start":{"line":58,"column":16},"end":{"line":58,"column":94}},"25":{"start":{"line":61,"column":12},"end":{"line":61,"column":95}},"26":{"start":{"line":68,"column":8},"end":{"line":68,"column":57}},"27":{"start":{"line":74,"column":0},"end":{"line":74,"column":37}},"28":{"start":{"line":75,"column":0},"end":{"line":75,"column":45}}},"branchMap":{"1":{"line":29,"type":"if","locations":[{"start":{"line":29,"column":8},"end":{"line":29,"column":8}},{"start":{"line":29,"column":8},"end":{"line":29,"column":8}}]}}},"/Users/nirshtern/CS169/projects/helebears/server/models/reviews_models.js":{"path":"/Users/nirshtern/CS169/projects/helebears/server/models/reviews_models.js","s":{"1":1,"2":1,"3":1,"4":1,"5":1,"6":1,"7":1,"8":1,"9":3,"10":2,"11":3,"12":1,"13":4,"14":3,"15":3,"16":0,"17":3,"18":1,"19":1,"20":1,"21":0,"22":1,"23":2,"24":1,"25":1},"b":{"1":[2,1],"2":[1,2]},"f":{"1":3,"2":4,"3":3,"4":1,"5":1,"6":0,"7":1,"8":2},"fnMap":{"1":{"name":"(anonymous_1)","line":34,"loc":{"start":{"line":34,"column":16},"end":{"line":34,"column":47}}},"2":{"name":"(anonymous_2)","line":45,"loc":{"start":{"line":45,"column":17},"end":{"line":45,"column":40}}},"3":{"name":"(anonymous_3)","line":47,"loc":{"start":{"line":47,"column":12},"end":{"line":47,"column":31}}},"4":{"name":"(anonymous_4)","line":53,"loc":{"start":{"line":53,"column":21},"end":{"line":53,"column":36}}},"5":{"name":"(anonymous_5)","line":58,"loc":{"start":{"line":58,"column":17},"end":{"line":58,"column":42}}},"6":{"name":"(anonymous_6)","line":66,"loc":{"start":{"line":66,"column":39},"end":{"line":66,"column":56}}},"7":{"name":"(anonymous_7)","line":71,"loc":{"start":{"line":71,"column":21},"end":{"line":71,"column":34}}},"8":{"name":"(anonymous_8)","line":76,"loc":{"start":{"line":76,"column":16},"end":{"line":76,"column":47}}}},"statementMap":{"1":{"start":{"line":6,"column":0},"end":{"line":6,"column":42}},"2":{"start":{"line":8,"column":0},"end":{"line":8,"column":44}},"3":{"start":{"line":9,"column":0},"end":{"line":9,"column":44}},"4":{"start":{"line":11,"column":0},"end":{"line":11,"column":53}},"5":{"start":{"line":12,"column":0},"end":{"line":12,"column":45}},"6":{"start":{"line":14,"column":0},"end":{"line":26,"column":2}},"7":{"start":{"line":27,"column":0},"end":{"line":27,"column":14}},"8":{"start":{"line":33,"column":0},"end":{"line":83,"column":1}},"9":{"start":{"line":35,"column":8},"end":{"line":37,"column":9}},"10":{"start":{"line":36,"column":12},"end":{"line":36,"column":54}},"11":{"start":{"line":39,"column":8},"end":{"line":41,"column":9}},"12":{"start":{"line":40,"column":12},"end":{"line":40,"column":53}},"13":{"start":{"line":46,"column":8},"end":{"line":55,"column":14}},"14":{"start":{"line":48,"column":16},"end":{"line":48,"column":32}},"15":{"start":{"line":49,"column":16},"end":{"line":51,"column":17}},"16":{"start":{"line":50,"column":20},"end":{"line":50,"column":55}},"17":{"start":{"line":52,"column":16},"end":{"line":52,"column":55}},"18":{"start":{"line":54,"column":16},"end":{"line":54,"column":77}},"19":{"start":{"line":59,"column":12},"end":{"line":65,"column":14}},"20":{"start":{"line":66,"column":12},"end":{"line":73,"column":15}},"21":{"start":{"line":67,"column":16},"end":{"line":70,"column":18}},"22":{"start":{"line":72,"column":20},"end":{"line":72,"column":87}},"23":{"start":{"line":79,"column":12},"end":{"line":79,"column":57}},"24":{"start":{"line":86,"column":0},"end":{"line":86,"column":33}},"25":{"start":{"line":87,"column":0},"end":{"line":87,"column":43}}},"branchMap":{"1":{"line":35,"type":"if","locations":[{"start":{"line":35,"column":8},"end":{"line":35,"column":8}},{"start":{"line":35,"column":8},"end":{"line":35,"column":8}}]},"2":{"line":39,"type":"if","locations":[{"start":{"line":39,"column":8},"end":{"line":39,"column":8}},{"start":{"line":39,"column":8},"end":{"line":39,"column":8}}]}}},"/Users/nirshtern/CS169/projects/helebears/server/models/user_model.js":{"path":"/Users/nirshtern/CS169/projects/helebears/server/models/user_model.js","s":{"1":1,"2":1,"3":1,"4":1,"5":1,"6":1,"7":1,"8":1,"9":7,"10":1,"11":1,"12":1,"13":1},"b":{},"f":{"1":7,"2":1},"fnMap":{"1":{"name":"(anonymous_1)","line":23,"loc":{"start":{"line":23,"column":27},"end":{"line":23,"column":46}}},"2":{"name":"(anonymous_2)","line":28,"loc":{"start":{"line":28,"column":28},"end":{"line":28,"column":61}}}},"statementMap":{"1":{"start":{"line":5,"column":0},"end":{"line":5,"column":41}},"2":{"start":{"line":6,"column":0},"end":{"line":6,"column":44}},"3":{"start":{"line":7,"column":0},"end":{"line":7,"column":44}},"4":{"start":{"line":8,"column":0},"end":{"line":8,"column":38}},"5":{"start":{"line":10,"column":0},"end":{"line":17,"column":3}},"6":{"start":{"line":18,"column":0},"end":{"line":18,"column":13}},"7":{"start":{"line":21,"column":0},"end":{"line":21,"column":21}},"8":{"start":{"line":23,"column":0},"end":{"line":25,"column":2}},"9":{"start":{"line":24,"column":4},"end":{"line":24,"column":65}},"10":{"start":{"line":28,"column":0},"end":{"line":30,"column":2}},"11":{"start":{"line":29,"column":4},"end":{"line":29,"column":54}},"12":{"start":{"line":34,"column":0},"end":{"line":34,"column":29}},"13":{"start":{"line":35,"column":0},"end":{"line":35,"column":41}}},"branchMap":{}}}