TN:
SF:/Users/nirshtern/CS169/projects/helebears/server/models/course_models.js
FN:92,(anonymous_1)
FN:94,(anonymous_2)
FN:102,(anonymous_3)
FN:115,(anonymous_4)
FN:120,(anonymous_5)
FN:126,(anonymous_6)
FN:127,(anonymous_7)
FN:130,(anonymous_8)
FN:135,(anonymous_9)
FN:138,(anonymous_10)
FN:140,(anonymous_11)
FN:149,(anonymous_12)
FN:156,(anonymous_13)
FN:161,(anonymous_14)
FNF:14
FNH:13
FNDA:2,(anonymous_1)
FNDA:1,(anonymous_2)
FNDA:1,(anonymous_3)
FNDA:1,(anonymous_4)
FNDA:1,(anonymous_5)
FNDA:1,(anonymous_6)
FNDA:0,(anonymous_7)
FNDA:1,(anonymous_8)
FNDA:1,(anonymous_9)
FNDA:1,(anonymous_10)
FNDA:1,(anonymous_11)
FNDA:1,(anonymous_12)
FNDA:1,(anonymous_13)
FNDA:1,(anonymous_14)
DA:5,1
DA:6,1
DA:7,1
DA:8,1
DA:9,1
DA:10,1
DA:11,1
DA:12,1
DA:13,1
DA:15,1
DA:21,1
DA:56,1
DA:88,1
DA:89,1
DA:91,1
DA:93,2
DA:95,1
DA:96,1
DA:97,1491
DA:98,1491
DA:101,1
DA:103,1
DA:104,0
DA:105,0
DA:106,0
DA:107,0
DA:111,1
DA:116,1
DA:117,1
DA:123,1
DA:127,1
DA:128,0
DA:131,1
DA:134,1
DA:136,1
DA:139,1
DA:141,1
DA:142,1
DA:143,4
DA:145,1
DA:150,1
DA:157,1
DA:163,1
DA:164,4
DA:165,4
DA:166,4
DA:169,4
DA:171,4
DA:172,0
DA:174,4
DA:176,4
DA:180,1
DA:187,1
DA:188,1
LF:54
LH:48
BRDA:15,1,0,1
BRDA:15,1,1,1
BRDA:106,2,0,0
BRDA:106,2,1,0
BRDA:165,3,0,4
BRDA:165,3,1,0
BRDA:165,4,0,4
BRDA:165,4,1,0
BRDA:171,5,0,0
BRDA:171,5,1,4
BRF:10
BRH:5
end_of_record
TN:
SF:/Users/nirshtern/CS169/projects/helebears/server/models/init.js
FNF:0
FNH:0
DA:8,1
DA:10,1
DA:12,1
DA:13,1
DA:15,1
DA:16,1
LF:6
LH:6
BRDA:10,1,0,1
BRDA:10,1,1,1
BRF:2
BRH:2
end_of_record
TN:
SF:/Users/nirshtern/CS169/projects/helebears/server/models/departments_model.js
FN:16,(anonymous_1)
FN:23,(anonymous_2)
FN:25,(anonymous_3)
FN:28,(anonymous_4)
FN:33,(anonymous_5)
FNF:5
FNH:4
FNDA:2,(anonymous_1)
FNDA:1,(anonymous_2)
FNDA:1,(anonymous_3)
FNDA:0,(anonymous_4)
FNDA:1,(anonymous_5)
DA:6,1
DA:7,1
DA:8,1
DA:10,1
DA:13,1
DA:15,1
DA:17,2
DA:18,0
DA:24,1
DA:26,1
DA:27,1
DA:29,0
DA:36,1
DA:42,1
DA:43,1
LF:15
LH:13
BRDA:17,1,0,0
BRDA:17,1,1,2
BRF:2
BRH:1
end_of_record
TN:
SF:/Users/nirshtern/CS169/projects/helebears/server/models/professors_model.js
FN:17,(anonymous_1)
FN:24,(anonymous_2)
FN:26,(anonymous_3)
FN:32,(anonymous_4)
FN:37,(anonymous_5)
FNF:5
FNH:5
FNDA:2,(anonymous_1)
FNDA:4,(anonymous_2)
FNDA:3,(anonymous_3)
FNDA:1,(anonymous_4)
FNDA:1,(anonymous_5)
DA:5,1
DA:7,1
DA:8,1
DA:10,1
DA:14,1
DA:16,1
DA:18,2
DA:19,2
DA:25,4
DA:27,3
DA:28,3
DA:29,3261
DA:31,3
DA:33,1
DA:40,1
DA:45,1
DA:46,1
LF:17
LH:17
BRDA:18,1,0,2
BRDA:18,1,1,0
BRF:2
BRH:1
end_of_record
TN:
SF:/Users/nirshtern/CS169/projects/helebears/server/models/schedule_model.js
FN:28,(anonymous_1)
FN:34,(anonymous_2)
FN:36,(anonymous_3)
FN:42,(anonymous_4)
FN:46,(anonymous_5)
FN:47,(anonymous_6)
FN:49,(anonymous_7)
FN:53,(anonymous_8)
FN:54,(anonymous_9)
FN:55,(anonymous_10)
FN:57,(anonymous_11)
FN:60,(anonymous_12)
FN:65,(anonymous_13)
FNF:13
FNH:10
FNDA:1,(anonymous_1)
FNDA:2,(anonymous_2)
FNDA:1,(anonymous_3)
FNDA:1,(anonymous_4)
FNDA:1,(anonymous_5)
FNDA:0,(anonymous_6)
FNDA:1,(anonymous_7)
FNDA:1,(anonymous_8)
FNDA:1,(anonymous_9)
FNDA:0,(anonymous_10)
FNDA:0,(anonymous_11)
FNDA:1,(anonymous_12)
FNDA:1,(anonymous_13)
DA:5,1
DA:6,1
DA:7,1
DA:8,1
DA:9,1
DA:10,1
DA:14,1
DA:25,1
DA:27,1
DA:29,1
DA:30,1
DA:35,2
DA:37,1
DA:38,1
DA:39,0
DA:41,1
DA:43,1
DA:47,1
DA:48,0
DA:50,1
DA:54,1
DA:55,1
DA:56,0
DA:58,0
DA:61,1
DA:68,1
DA:74,1
DA:75,1
LF:28
LH:24
BRDA:29,1,0,1
BRDA:29,1,1,0
BRF:2
BRH:1
end_of_record
TN:
SF:/Users/nirshtern/CS169/projects/helebears/server/models/reviews_models.js
FN:34,(anonymous_1)
FN:45,(anonymous_2)
FN:47,(anonymous_3)
FN:53,(anonymous_4)
FN:58,(anonymous_5)
FN:66,(anonymous_6)
FN:71,(anonymous_7)
FN:76,(anonymous_8)
FNF:8
FNH:7
FNDA:3,(anonymous_1)
FNDA:4,(anonymous_2)
FNDA:3,(anonymous_3)
FNDA:1,(anonymous_4)
FNDA:1,(anonymous_5)
FNDA:0,(anonymous_6)
FNDA:1,(anonymous_7)
FNDA:2,(anonymous_8)
DA:6,1
DA:8,1
DA:9,1
DA:11,1
DA:12,1
DA:14,1
DA:27,1
DA:33,1
DA:35,3
DA:36,2
DA:39,3
DA:40,1
DA:46,4
DA:48,3
DA:49,3
DA:50,0
DA:52,3
DA:54,1
DA:59,1
DA:66,1
DA:67,0
DA:72,1
DA:79,2
DA:86,1
DA:87,1
LF:25
LH:23
BRDA:35,1,0,2
BRDA:35,1,1,1
BRDA:39,2,0,1
BRDA:39,2,1,2
BRF:4
BRH:4
end_of_record
TN:
SF:/Users/nirshtern/CS169/projects/helebears/server/models/user_model.js
FN:23,(anonymous_1)
FN:28,(anonymous_2)
FNF:2
FNH:2
FNDA:7,(anonymous_1)
FNDA:1,(anonymous_2)
DA:5,1
DA:6,1
DA:7,1
DA:8,1
DA:10,1
DA:18,1
DA:21,1
DA:23,1
DA:24,7
DA:28,1
DA:29,1
DA:34,1
DA:35,1
LF:13
LH:13
BRF:0
BRH:0
end_of_record
