TN:
SF:/Users/armenkhodaverdian/Documents/cs169/helebears/server/models/course_models.js
FN:84,(anonymous_1)
FN:86,(anonymous_2)
FN:94,(anonymous_3)
FN:107,(anonymous_4)
FN:112,(anonymous_5)
FNF:5
FNH:5
FNDA:2,(anonymous_1)
FNDA:1,(anonymous_2)
FNDA:1,(anonymous_3)
FNDA:1,(anonymous_4)
FNDA:1,(anonymous_5)
DA:5,1
DA:6,1
DA:7,1
DA:9,1
DA:10,1
DA:11,1
DA:12,1
DA:15,1
DA:48,1
DA:80,1
DA:81,1
DA:83,1
DA:85,2
DA:87,1
DA:88,1
DA:89,6
DA:90,6
DA:93,1
DA:95,1
DA:96,0
DA:97,0
DA:98,0
DA:99,0
DA:103,1
DA:108,1
DA:109,1
DA:115,1
DA:120,1
DA:121,1
LF:29
LH:25
BRDA:98,1,0,0
BRDA:98,1,1,0
BRF:2
BRH:0
end_of_record
TN:
SF:/Users/armenkhodaverdian/Documents/cs169/helebears/server/models/init.js
FNF:0
FNH:0
DA:8,1
DA:10,1
DA:12,1
DA:13,1
DA:15,1
DA:16,1
LF:6
LH:6
BRDA:10,1,0,1
BRDA:10,1,1,1
BRF:2
BRH:2
end_of_record
TN:
SF:/Users/armenkhodaverdian/Documents/cs169/helebears/server/models/departments_model.js
FN:16,(anonymous_1)
FN:23,(anonymous_2)
FN:25,(anonymous_3)
FN:31,(anonymous_4)
FN:36,(anonymous_5)
FNF:5
FNH:4
FNDA:2,(anonymous_1)
FNDA:1,(anonymous_2)
FNDA:1,(anonymous_3)
FNDA:0,(anonymous_4)
FNDA:1,(anonymous_5)
DA:6,1
DA:7,1
DA:8,1
DA:10,1
DA:13,1
DA:15,1
DA:17,2
DA:18,0
DA:24,1
DA:26,1
DA:27,1
DA:28,14
DA:30,1
DA:32,0
DA:39,1
DA:83,1
DA:84,1
LF:17
LH:15
BRDA:17,1,0,0
BRDA:17,1,1,2
BRF:2
BRH:1
end_of_record
TN:
SF:/Users/armenkhodaverdian/Documents/cs169/helebears/server/models/professors_model.js
FN:19,(anonymous_1)
FN:27,(anonymous_2)
FN:29,(anonymous_3)
FN:35,(anonymous_4)
FN:40,(anonymous_5)
FNF:5
FNH:5
FNDA:2,(anonymous_1)
FNDA:4,(anonymous_2)
FNDA:3,(anonymous_3)
FNDA:1,(anonymous_4)
FNDA:1,(anonymous_5)
DA:7,1
DA:9,1
DA:10,1
DA:12,1
DA:16,1
DA:18,1
DA:20,2
DA:21,2
DA:28,4
DA:30,3
DA:31,3
DA:32,60
DA:34,3
DA:36,1
DA:43,1
DA:49,1
DA:50,1
LF:17
LH:17
BRDA:20,1,0,2
BRDA:20,1,1,0
BRF:2
BRH:1
end_of_record
TN:
SF:/Users/armenkhodaverdian/Documents/cs169/helebears/server/models/reviews_models.js
FN:34,(anonymous_1)
FN:45,(anonymous_2)
FN:47,(anonymous_3)
FN:53,(anonymous_4)
FN:58,(anonymous_5)
FN:66,(anonymous_6)
FN:71,(anonymous_7)
FN:76,(anonymous_8)
FNF:8
FNH:7
FNDA:3,(anonymous_1)
FNDA:4,(anonymous_2)
FNDA:3,(anonymous_3)
FNDA:1,(anonymous_4)
FNDA:1,(anonymous_5)
FNDA:0,(anonymous_6)
FNDA:1,(anonymous_7)
FNDA:2,(anonymous_8)
DA:6,1
DA:8,1
DA:9,1
DA:11,1
DA:12,1
DA:14,1
DA:27,1
DA:33,1
DA:35,3
DA:36,2
DA:39,3
DA:40,1
DA:46,4
DA:48,3
DA:49,3
DA:50,18
DA:52,3
DA:54,1
DA:59,1
DA:66,1
DA:67,0
DA:72,1
DA:79,2
DA:86,1
DA:87,1
LF:25
LH:24
BRDA:35,1,0,2
BRDA:35,1,1,1
BRDA:39,2,0,1
BRDA:39,2,1,2
BRF:4
BRH:4
end_of_record
TN:
SF:/Users/armenkhodaverdian/Documents/cs169/helebears/server/models/schedule_model.js
FN:24,(anonymous_1)
FN:31,(anonymous_2)
FN:33,(anonymous_3)
FN:39,(anonymous_4)
FN:43,(anonymous_5)
FN:44,(anonymous_6)
FN:48,(anonymous_7)
FN:52,(anonymous_8)
FN:53,(anonymous_9)
FN:54,(anonymous_10)
FN:56,(anonymous_11)
FN:59,(anonymous_12)
FN:64,(anonymous_13)
FNF:13
FNH:10
FNDA:1,(anonymous_1)
FNDA:2,(anonymous_2)
FNDA:1,(anonymous_3)
FNDA:1,(anonymous_4)
FNDA:1,(anonymous_5)
FNDA:0,(anonymous_6)
FNDA:1,(anonymous_7)
FNDA:1,(anonymous_8)
FNDA:1,(anonymous_9)
FNDA:0,(anonymous_10)
FNDA:0,(anonymous_11)
FNDA:1,(anonymous_12)
FNDA:1,(anonymous_13)
DA:5,1
DA:6,1
DA:7,1
DA:8,1
DA:9,1
DA:11,1
DA:21,1
DA:23,1
DA:25,1
DA:26,1
DA:32,2
DA:34,1
DA:35,1
DA:36,0
DA:38,1
DA:40,1
DA:44,1
DA:45,0
DA:49,1
DA:53,1
DA:54,1
DA:55,0
DA:57,0
DA:60,1
DA:67,1
DA:71,1
DA:72,1
LF:27
LH:23
BRDA:25,1,0,1
BRDA:25,1,1,0
BRF:2
BRH:1
end_of_record
TN:
SF:/Users/armenkhodaverdian/Documents/cs169/helebears/server/models/user_model.js
FN:22,(anonymous_1)
FN:27,(anonymous_2)
FNF:2
FNH:2
FNDA:4,(anonymous_1)
FNDA:1,(anonymous_2)
DA:5,1
DA:6,1
DA:7,1
DA:8,1
DA:10,1
DA:17,1
DA:20,1
DA:22,1
DA:23,4
DA:27,1
DA:28,1
DA:33,1
DA:34,1
LF:13
LH:13
BRF:0
BRH:0
end_of_record
